<?xml version="1.0" encoding="UTF-8"?>
<!-- Generated by org.testng.reporters.JUnitReportReporter -->
<testsuite hostname="LAPTOP-M21UJQ4V" failures="0" tests="1" name="jenkinsAutomation.getComments" time="2.306" errors="0" timestamp="2023-08-13T23:12:29 IST" skipped="0">
  <testcase classname="jenkinsAutomation.getComments" name="getAllComments" time="2.306"/>
</testsuite> <!-- jenkinsAutomation.getComments -->
