<?xml version="1.0" encoding="UTF-8"?>
<!-- Generated by org.testng.reporters.JUnitReportReporter -->
<testsuite hostname="LAPTOP-M21UJQ4V" failures="0" tests="1" name="jenkinsAutomation.getComments" time="2.336" errors="0" timestamp="13 Aug 2023 18:01:13 GMT" skipped="0">
  <testcase classname="jenkinsAutomation.getComments" name="getAllComments" time="2.336"/>
</testsuite> <!-- jenkinsAutomation.getComments -->
